<?xml version="1.0" encoding="UTF-8"?>
<testsuite xmlns:xsi="http://www.w3.org/2001/XMLSchema-instance" xsi:noNamespaceSchemaLocation="https://maven.apache.org/surefire/maven-surefire-plugin/xsd/surefire-test-report.xsd" name="Basic Arithmetic" time="0.101" tests="4" errors="0" skipped="0" failures="0">
  <properties>
[...]
</properties>
  <testcase name="Addition" classname="Basic Arithmetic" time="0.096"/>
  <testcase name="Substraction" classname="Basic Arithmetic" time="0.001"/>
  <testcase name="Example #1" classname="Single digits" time="0.002"/>
  <testcase name="Example #2" classname="Single digits" time="0.001"/>
</testsuite>